{"/home/nhung/Documents/test_react_app/react-login-registration/setupJest.js": {"path":"/home/nhung/Documents/test_react_app/react-login-registration/setupJest.js","statementMap":{"0":{"start":{"line":1,"column":16},"end":{"line":8,"column":1}},"1":{"start":{"line":2,"column":2},"end":{"line":7,"column":3}},"2":{"start":{"line":3,"column":19},"end":{"line":3,"column":29}},"3":{"start":{"line":4,"column":4},"end":{"line":4,"column":36}},"4":{"start":{"line":4,"column":19},"end":{"line":4,"column":33}},"5":{"start":{"line":6,"column":4},"end":{"line":6,"column":30}},"6":{"start":{"line":6,"column":19},"end":{"line":6,"column":27}}},"fnMap":{"0":{"name":"(anonymous_0)","decl":{"start":{"line":1,"column":16},"end":{"line":1,"column":17}},"loc":{"start":{"line":1,"column":30},"end":{"line":8,"column":1}},"line":1},"1":{"name":"(anonymous_1)","decl":{"start":{"line":4,"column":11},"end":{"line":4,"column":12}},"loc":{"start":{"line":4,"column":17},"end":{"line":4,"column":35}},"line":4},"2":{"name":"(anonymous_2)","decl":{"start":{"line":6,"column":11},"end":{"line":6,"column":12}},"loc":{"start":{"line":6,"column":17},"end":{"line":6,"column":29}},"line":6}},"branchMap":{},"s":{"0":1,"1":1,"2":1,"3":0,"4":0,"5":1,"6":1},"f":{"0":1,"1":0,"2":1},"b":{},"_coverageSchema":"332fd63041d2c1bcb487cc26dd0d5f7d97098a6c","hash":"d4cfc03cc9b62760e37ec52233339fd5938bb90a"}
,"/home/nhung/Documents/test_react_app/react-login-registration/src/connectivity/api.auth.js": {"path":"/home/nhung/Documents/test_react_app/react-login-registration/src/connectivity/api.auth.js","statementMap":{"0":{"start":{"line":7,"column":14},"end":{"line":7,"column":37}},"1":{"start":{"line":9,"column":28},"end":{"line":9,"column":50}},"2":{"start":{"line":11,"column":24},"end":{"line":17,"column":4}},"3":{"start":{"line":19,"column":19},"end":{"line":19,"column":55}},"4":{"start":{"line":21,"column":2},"end":{"line":21,"column":31}}},"fnMap":{"0":{"name":"login","decl":{"start":{"line":4,"column":22},"end":{"line":4,"column":27}},"loc":{"start":{"line":4,"column":48},"end":{"line":22,"column":1}},"line":4}},"branchMap":{},"s":{"0":1,"1":1,"2":1,"3":1,"4":1},"f":{"0":1},"b":{},"_coverageSchema":"332fd63041d2c1bcb487cc26dd0d5f7d97098a6c","hash":"cea8b8de34f4731b6f14e4357ca395510d80a5fc"}
,"/home/nhung/Documents/test_react_app/react-login-registration/src/connectivity/async-fetch.js": {"path":"/home/nhung/Documents/test_react_app/react-login-registration/src/connectivity/async-fetch.js","statementMap":{"0":{"start":{"line":6,"column":19},"end":{"line":6,"column":50}},"1":{"start":{"line":8,"column":20},"end":{"line":8,"column":67}},"2":{"start":{"line":10,"column":2},"end":{"line":12,"column":3}},"3":{"start":{"line":11,"column":4},"end":{"line":11,"column":20}},"4":{"start":{"line":14,"column":16},"end":{"line":17,"column":3}},"5":{"start":{"line":18,"column":2},"end":{"line":18,"column":41}},"6":{"start":{"line":20,"column":2},"end":{"line":20,"column":14}}},"fnMap":{"0":{"name":"asyncFetch","decl":{"start":{"line":4,"column":30},"end":{"line":4,"column":40}},"loc":{"start":{"line":4,"column":66},"end":{"line":21,"column":1}},"line":4}},"branchMap":{"0":{"loc":{"start":{"line":4,"column":46},"end":{"line":4,"column":64}},"type":"default-arg","locations":[{"start":{"line":4,"column":62},"end":{"line":4,"column":64}}],"line":4},"1":{"loc":{"start":{"line":8,"column":20},"end":{"line":8,"column":67}},"type":"binary-expr","locations":[{"start":{"line":8,"column":20},"end":{"line":8,"column":42}},{"start":{"line":8,"column":46},"end":{"line":8,"column":67}}],"line":8},"2":{"loc":{"start":{"line":10,"column":2},"end":{"line":12,"column":3}},"type":"if","locations":[{"start":{"line":10,"column":2},"end":{"line":12,"column":3}},{"start":{"line":10,"column":2},"end":{"line":12,"column":3}}],"line":10}},"s":{"0":1,"1":1,"2":1,"3":0,"4":1,"5":1,"6":1},"f":{"0":1},"b":{"0":[1],"1":[1,1],"2":[0,1]},"_coverageSchema":"332fd63041d2c1bcb487cc26dd0d5f7d97098a6c","hash":"707ded3e9dd6be4534055ef2134901a4cdd61913"}
,"/home/nhung/Documents/test_react_app/react-login-registration/src/connectivity/baseRequestConfig.js": {"path":"/home/nhung/Documents/test_react_app/react-login-registration/src/connectivity/baseRequestConfig.js","statementMap":{"0":{"start":{"line":4,"column":36},"end":{"line":21,"column":1}},"1":{"start":{"line":6,"column":16},"end":{"line":6,"column":27}},"2":{"start":{"line":8,"column":17},"end":{"line":14,"column":3}},"3":{"start":{"line":16,"column":2},"end":{"line":18,"column":3}},"4":{"start":{"line":17,"column":4},"end":{"line":17,"column":64}},"5":{"start":{"line":20,"column":2},"end":{"line":20,"column":16}}},"fnMap":{"0":{"name":"(anonymous_0)","decl":{"start":{"line":4,"column":36},"end":{"line":4,"column":37}},"loc":{"start":{"line":4,"column":42},"end":{"line":21,"column":1}},"line":4}},"branchMap":{"0":{"loc":{"start":{"line":16,"column":2},"end":{"line":18,"column":3}},"type":"if","locations":[{"start":{"line":16,"column":2},"end":{"line":18,"column":3}},{"start":{"line":16,"column":2},"end":{"line":18,"column":3}}],"line":16},"1":{"loc":{"start":{"line":16,"column":6},"end":{"line":16,"column":41}},"type":"binary-expr","locations":[{"start":{"line":16,"column":6},"end":{"line":16,"column":11}},{"start":{"line":16,"column":15},"end":{"line":16,"column":41}}],"line":16}},"s":{"0":3,"1":2,"2":2,"3":2,"4":0,"5":2},"f":{"0":2},"b":{"0":[0,2],"1":[2,0]},"_coverageSchema":"332fd63041d2c1bcb487cc26dd0d5f7d97098a6c","hash":"7a7e8e2334f35951e5c2c22e6664f30257063a15"}
,"/home/nhung/Documents/test_react_app/react-login-registration/src/connectivity/localStorage.js": {"path":"/home/nhung/Documents/test_react_app/react-login-registration/src/connectivity/localStorage.js","statementMap":{"0":{"start":{"line":1,"column":25},"end":{"line":14,"column":1}},"1":{"start":{"line":2,"column":2},"end":{"line":13,"column":3}},"2":{"start":{"line":3,"column":28},"end":{"line":3,"column":57}},"3":{"start":{"line":5,"column":4},"end":{"line":7,"column":5}},"4":{"start":{"line":6,"column":6},"end":{"line":6,"column":23}},"5":{"start":{"line":9,"column":4},"end":{"line":9,"column":39}},"6":{"start":{"line":12,"column":4},"end":{"line":12,"column":21}},"7":{"start":{"line":16,"column":25},"end":{"line":23,"column":1}},"8":{"start":{"line":17,"column":2},"end":{"line":22,"column":3}},"9":{"start":{"line":18,"column":28},"end":{"line":18,"column":49}},"10":{"start":{"line":19,"column":4},"end":{"line":19,"column":51}}},"fnMap":{"0":{"name":"(anonymous_0)","decl":{"start":{"line":1,"column":25},"end":{"line":1,"column":26}},"loc":{"start":{"line":1,"column":31},"end":{"line":14,"column":1}},"line":1},"1":{"name":"(anonymous_1)","decl":{"start":{"line":16,"column":25},"end":{"line":16,"column":26}},"loc":{"start":{"line":16,"column":36},"end":{"line":23,"column":1}},"line":16}},"branchMap":{"0":{"loc":{"start":{"line":5,"column":4},"end":{"line":7,"column":5}},"type":"if","locations":[{"start":{"line":5,"column":4},"end":{"line":7,"column":5}},{"start":{"line":5,"column":4},"end":{"line":7,"column":5}}],"line":5}},"s":{"0":3,"1":2,"2":2,"3":0,"4":0,"5":0,"6":2,"7":3,"8":0,"9":0,"10":0},"f":{"0":2,"1":0},"b":{"0":[0,0]},"_coverageSchema":"332fd63041d2c1bcb487cc26dd0d5f7d97098a6c","hash":"481d0c716a467b2b7dc122a158eeed0bd762d1f9"}
,"/home/nhung/Documents/test_react_app/react-login-registration/src/constants/actionTypes.js": {"path":"/home/nhung/Documents/test_react_app/react-login-registration/src/constants/actionTypes.js","statementMap":{"0":{"start":{"line":1,"column":32},"end":{"line":1,"column":50}},"1":{"start":{"line":4,"column":32},"end":{"line":4,"column":50}},"2":{"start":{"line":5,"column":31},"end":{"line":5,"column":48}},"3":{"start":{"line":6,"column":33},"end":{"line":6,"column":52}},"4":{"start":{"line":9,"column":32},"end":{"line":9,"column":49}},"5":{"start":{"line":10,"column":32},"end":{"line":10,"column":49}},"6":{"start":{"line":11,"column":29},"end":{"line":11,"column":43}},"7":{"start":{"line":12,"column":32},"end":{"line":12,"column":49}},"8":{"start":{"line":14,"column":33},"end":{"line":14,"column":51}},"9":{"start":{"line":15,"column":33},"end":{"line":15,"column":51}},"10":{"start":{"line":18,"column":42},"end":{"line":18,"column":70}},"11":{"start":{"line":19,"column":42},"end":{"line":19,"column":70}},"12":{"start":{"line":20,"column":39},"end":{"line":20,"column":64}},"13":{"start":{"line":23,"column":34},"end":{"line":23,"column":54}},"14":{"start":{"line":24,"column":45},"end":{"line":24,"column":76}},"15":{"start":{"line":25,"column":42},"end":{"line":25,"column":70}},"16":{"start":{"line":29,"column":35},"end":{"line":29,"column":56}},"17":{"start":{"line":30,"column":44},"end":{"line":30,"column":74}},"18":{"start":{"line":31,"column":41},"end":{"line":31,"column":68}}},"fnMap":{},"branchMap":{},"s":{"0":2,"1":2,"2":2,"3":2,"4":2,"5":2,"6":2,"7":2,"8":2,"9":2,"10":2,"11":2,"12":2,"13":2,"14":2,"15":2,"16":2,"17":2,"18":2},"f":{},"b":{},"_coverageSchema":"332fd63041d2c1bcb487cc26dd0d5f7d97098a6c","hash":"a2b117ea559b2a9af2f836e3ad11a96b302d2972"}
,"/home/nhung/Documents/test_react_app/react-login-registration/src/errors/HttpApiCallError.js": {"path":"/home/nhung/Documents/test_react_app/react-login-registration/src/errors/HttpApiCallError.js","statementMap":{"0":{"start":{"line":5,"column":4},"end":{"line":5,"column":19}},"1":{"start":{"line":7,"column":4},"end":{"line":7,"column":27}},"2":{"start":{"line":8,"column":4},"end":{"line":8,"column":33}},"3":{"start":{"line":10,"column":4},"end":{"line":10,"column":44}},"4":{"start":{"line":11,"column":4},"end":{"line":11,"column":35}}},"fnMap":{"0":{"name":"(anonymous_0)","decl":{"start":{"line":3,"column":2},"end":{"line":3,"column":3}},"loc":{"start":{"line":3,"column":35},"end":{"line":13,"column":3}},"line":3}},"branchMap":{},"s":{"0":1,"1":1,"2":1,"3":1,"4":1},"f":{"0":1},"b":{},"_coverageSchema":"332fd63041d2c1bcb487cc26dd0d5f7d97098a6c","hash":"b4d34ce27a772861b9edc2ae07b5b618408d822c"}
,"/home/nhung/Documents/test_react_app/react-login-registration/src/helpers/formErrorHelper.js": {"path":"/home/nhung/Documents/test_react_app/react-login-registration/src/helpers/formErrorHelper.js","statementMap":{"0":{"start":{"line":3,"column":20},"end":{"line":23,"column":1}},"1":{"start":{"line":7,"column":2},"end":{"line":19,"column":3}},"2":{"start":{"line":9,"column":4},"end":{"line":9,"column":52}},"3":{"start":{"line":11,"column":4},"end":{"line":13,"column":5}},"4":{"start":{"line":12,"column":6},"end":{"line":12,"column":42}},"5":{"start":{"line":21,"column":2},"end":{"line":21,"column":19}},"6":{"start":{"line":27,"column":21},"end":{"line":45,"column":1}},"7":{"start":{"line":29,"column":21},"end":{"line":29,"column":23}},"8":{"start":{"line":31,"column":2},"end":{"line":41,"column":3}},"9":{"start":{"line":32,"column":4},"end":{"line":32,"column":29}},"10":{"start":{"line":35,"column":4},"end":{"line":40,"column":5}},"11":{"start":{"line":43,"column":2},"end":{"line":43,"column":22}}},"fnMap":{"0":{"name":"(anonymous_0)","decl":{"start":{"line":3,"column":20},"end":{"line":3,"column":21}},"loc":{"start":{"line":3,"column":43},"end":{"line":23,"column":1}},"line":3},"1":{"name":"(anonymous_1)","decl":{"start":{"line":27,"column":21},"end":{"line":27,"column":22}},"loc":{"start":{"line":27,"column":33},"end":{"line":45,"column":1}},"line":27}},"branchMap":{"0":{"loc":{"start":{"line":11,"column":4},"end":{"line":13,"column":5}},"type":"if","locations":[{"start":{"line":11,"column":4},"end":{"line":13,"column":5}},{"start":{"line":11,"column":4},"end":{"line":13,"column":5}}],"line":11},"1":{"loc":{"start":{"line":31,"column":2},"end":{"line":41,"column":3}},"type":"if","locations":[{"start":{"line":31,"column":2},"end":{"line":41,"column":3}},{"start":{"line":31,"column":2},"end":{"line":41,"column":3}}],"line":31}},"s":{"0":1,"1":5,"2":5,"3":5,"4":3,"5":5,"6":1,"7":3,"8":3,"9":2,"10":1,"11":3},"f":{"0":5,"1":3},"b":{"0":[3,2],"1":[2,1]},"_coverageSchema":"332fd63041d2c1bcb487cc26dd0d5f7d97098a6c","hash":"9767166c5e99d980db40ab6ef72ce46fe4f1da18"}
,"/home/nhung/Documents/test_react_app/react-login-registration/src/reducers/requestReducer.js": {"path":"/home/nhung/Documents/test_react_app/react-login-registration/src/reducers/requestReducer.js","statementMap":{"0":{"start":{"line":8,"column":2},"end":{"line":30,"column":3}},"1":{"start":{"line":11,"column":6},"end":{"line":14,"column":9}},"2":{"start":{"line":19,"column":28},"end":{"line":19,"column":98}},"3":{"start":{"line":19,"column":62},"end":{"line":19,"column":97}},"4":{"start":{"line":21,"column":6},"end":{"line":24,"column":9}},"5":{"start":{"line":28,"column":6},"end":{"line":28,"column":19}}},"fnMap":{"0":{"name":"request","decl":{"start":{"line":3,"column":24},"end":{"line":3,"column":31}},"loc":{"start":{"line":6,"column":11},"end":{"line":31,"column":1}},"line":6},"1":{"name":"(anonymous_1)","decl":{"start":{"line":19,"column":52},"end":{"line":19,"column":53}},"loc":{"start":{"line":19,"column":62},"end":{"line":19,"column":97}},"line":19}},"branchMap":{"0":{"loc":{"start":{"line":3,"column":32},"end":{"line":6,"column":1}},"type":"default-arg","locations":[{"start":{"line":3,"column":40},"end":{"line":6,"column":1}}],"line":3},"1":{"loc":{"start":{"line":8,"column":2},"end":{"line":30,"column":3}},"type":"switch","locations":[{"start":{"line":10,"column":4},"end":{"line":15,"column":5}},{"start":{"line":17,"column":4},"end":{"line":25,"column":5}},{"start":{"line":27,"column":4},"end":{"line":29,"column":5}}],"line":8}},"s":{"0":4,"1":3,"2":0,"3":0,"4":0,"5":1},"f":{"0":4,"1":0},"b":{"0":[3],"1":[3,0,1]},"_coverageSchema":"332fd63041d2c1bcb487cc26dd0d5f7d97098a6c","hash":"76402912e8ba9afe07211ce10ef200850172858d"}
,"/home/nhung/Documents/test_react_app/react-login-registration/src/sagas/auth.saga.js": {"path":"/home/nhung/Documents/test_react_app/react-login-registration/src/sagas/auth.saga.js","statementMap":{"0":{"start":{"line":10,"column":2},"end":{"line":53,"column":3}},"1":{"start":{"line":12,"column":4},"end":{"line":17,"column":7}},"2":{"start":{"line":19,"column":33},"end":{"line":19,"column":47}},"3":{"start":{"line":21,"column":25},"end":{"line":21,"column":66}},"4":{"start":{"line":23,"column":4},"end":{"line":25,"column":5}},"5":{"start":{"line":24,"column":6},"end":{"line":24,"column":61}},"6":{"start":{"line":27,"column":4},"end":{"line":32,"column":7}},"7":{"start":{"line":36,"column":4},"end":{"line":42,"column":7}},"8":{"start":{"line":46,"column":4},"end":{"line":51,"column":7}},"9":{"start":{"line":58,"column":2},"end":{"line":58,"column":52}},"10":{"start":{"line":69,"column":20},"end":{"line":69,"column":34}},"11":{"start":{"line":71,"column":25},"end":{"line":71,"column":55}},"12":{"start":{"line":73,"column":2},"end":{"line":80,"column":5}},"13":{"start":{"line":86,"column":2},"end":{"line":86,"column":61}},"14":{"start":{"line":98,"column":2},"end":{"line":98,"column":55}},"15":{"start":{"line":105,"column":2},"end":{"line":107,"column":5}},"16":{"start":{"line":110,"column":2},"end":{"line":112,"column":4}},"17":{"start":{"line":116,"column":2},"end":{"line":116,"column":63}}},"fnMap":{"0":{"name":"doLogin","decl":{"start":{"line":8,"column":17},"end":{"line":8,"column":24}},"loc":{"start":{"line":8,"column":33},"end":{"line":54,"column":1}},"line":8},"1":{"name":"watchLogin","decl":{"start":{"line":57,"column":17},"end":{"line":57,"column":27}},"loc":{"start":{"line":57,"column":30},"end":{"line":59,"column":1}},"line":57},"2":{"name":"doLoginSucceeded","decl":{"start":{"line":67,"column":17},"end":{"line":67,"column":33}},"loc":{"start":{"line":67,"column":42},"end":{"line":82,"column":1}},"line":67},"3":{"name":"watchLoginSucceeded","decl":{"start":{"line":85,"column":17},"end":{"line":85,"column":36}},"loc":{"start":{"line":85,"column":39},"end":{"line":87,"column":1}},"line":85},"4":{"name":"doLoginFailed","decl":{"start":{"line":93,"column":17},"end":{"line":93,"column":30}},"loc":{"start":{"line":93,"column":33},"end":{"line":95,"column":1}},"line":93},"5":{"name":"watchLoginFailed","decl":{"start":{"line":97,"column":17},"end":{"line":97,"column":33}},"loc":{"start":{"line":97,"column":36},"end":{"line":99,"column":1}},"line":97},"6":{"name":"doLogoutRequested","decl":{"start":{"line":104,"column":17},"end":{"line":104,"column":34}},"loc":{"start":{"line":104,"column":37},"end":{"line":113,"column":1}},"line":104},"7":{"name":"watchLogoutRequested","decl":{"start":{"line":115,"column":17},"end":{"line":115,"column":37}},"loc":{"start":{"line":115,"column":40},"end":{"line":117,"column":1}},"line":115}},"branchMap":{"0":{"loc":{"start":{"line":23,"column":4},"end":{"line":25,"column":5}},"type":"if","locations":[{"start":{"line":23,"column":4},"end":{"line":25,"column":5}},{"start":{"line":23,"column":4},"end":{"line":25,"column":5}}],"line":23}},"s":{"0":3,"1":3,"2":3,"3":3,"4":2,"5":1,"6":1,"7":2,"8":3,"9":0,"10":0,"11":0,"12":0,"13":0,"14":0,"15":0,"16":0,"17":0},"f":{"0":3,"1":0,"2":0,"3":0,"4":0,"5":0,"6":0,"7":0},"b":{"0":[1,1]},"_coverageSchema":"332fd63041d2c1bcb487cc26dd0d5f7d97098a6c","hash":"55c3c99d8e1326928d3b89d1c1ba59463160ecc1"}
}
