TN:
SF:/home/nhung/Documents/test_react_app/react-login-registration/setupJest.js
FN:1,(anonymous_0)
FN:4,(anonymous_1)
FN:6,(anonymous_2)
FNF:3
FNH:2
FNDA:1,(anonymous_0)
FNDA:0,(anonymous_1)
FNDA:1,(anonymous_2)
DA:1,1
DA:2,1
DA:3,1
DA:4,0
DA:6,1
LF:5
LH:4
BRF:0
BRH:0
end_of_record
TN:
SF:/home/nhung/Documents/test_react_app/react-login-registration/src/connectivity/api.auth.js
FN:4,login
FNF:1
FNH:1
FNDA:1,login
DA:7,1
DA:9,1
DA:11,1
DA:19,1
DA:21,1
LF:5
LH:5
BRF:0
BRH:0
end_of_record
TN:
SF:/home/nhung/Documents/test_react_app/react-login-registration/src/connectivity/async-fetch.js
FN:4,asyncFetch
FNF:1
FNH:1
FNDA:1,asyncFetch
DA:6,1
DA:8,1
DA:10,1
DA:11,0
DA:14,1
DA:18,1
DA:20,1
LF:7
LH:6
BRDA:4,0,0,1
BRDA:8,1,0,1
BRDA:8,1,1,1
BRDA:10,2,0,0
BRDA:10,2,1,1
BRF:5
BRH:4
end_of_record
TN:
SF:/home/nhung/Documents/test_react_app/react-login-registration/src/connectivity/baseRequestConfig.js
FN:4,(anonymous_0)
FNF:1
FNH:1
FNDA:2,(anonymous_0)
DA:4,3
DA:6,2
DA:8,2
DA:16,2
DA:17,0
DA:20,2
LF:6
LH:5
BRDA:16,0,0,0
BRDA:16,0,1,2
BRDA:16,1,0,2
BRDA:16,1,1,0
BRF:4
BRH:2
end_of_record
TN:
SF:/home/nhung/Documents/test_react_app/react-login-registration/src/connectivity/localStorage.js
FN:1,(anonymous_0)
FN:16,(anonymous_1)
FNF:2
FNH:1
FNDA:2,(anonymous_0)
FNDA:0,(anonymous_1)
DA:1,3
DA:2,2
DA:3,2
DA:5,0
DA:6,0
DA:9,0
DA:12,2
DA:16,3
DA:17,0
DA:18,0
DA:19,0
LF:11
LH:5
BRDA:5,0,0,0
BRDA:5,0,1,0
BRF:2
BRH:0
end_of_record
TN:
SF:/home/nhung/Documents/test_react_app/react-login-registration/src/constants/actionTypes.js
FNF:0
FNH:0
DA:1,2
DA:4,2
DA:5,2
DA:6,2
DA:9,2
DA:10,2
DA:11,2
DA:12,2
DA:14,2
DA:15,2
DA:18,2
DA:19,2
DA:20,2
DA:23,2
DA:24,2
DA:25,2
DA:29,2
DA:30,2
DA:31,2
LF:19
LH:19
BRF:0
BRH:0
end_of_record
TN:
SF:/home/nhung/Documents/test_react_app/react-login-registration/src/errors/HttpApiCallError.js
FN:3,(anonymous_0)
FNF:1
FNH:1
FNDA:1,(anonymous_0)
DA:5,1
DA:7,1
DA:8,1
DA:10,1
DA:11,1
LF:5
LH:5
BRF:0
BRH:0
end_of_record
TN:
SF:/home/nhung/Documents/test_react_app/react-login-registration/src/helpers/formErrorHelper.js
FN:3,(anonymous_0)
FN:27,(anonymous_1)
FNF:2
FNH:2
FNDA:5,(anonymous_0)
FNDA:3,(anonymous_1)
DA:3,1
DA:7,5
DA:9,5
DA:11,5
DA:12,3
DA:21,5
DA:27,1
DA:29,3
DA:31,3
DA:32,2
DA:35,1
DA:43,3
LF:12
LH:12
BRDA:11,0,0,3
BRDA:11,0,1,2
BRDA:31,1,0,2
BRDA:31,1,1,1
BRF:4
BRH:4
end_of_record
TN:
SF:/home/nhung/Documents/test_react_app/react-login-registration/src/reducers/requestReducer.js
FN:3,request
FN:19,(anonymous_1)
FNF:2
FNH:1
FNDA:4,request
FNDA:0,(anonymous_1)
DA:8,4
DA:11,3
DA:19,0
DA:21,0
DA:28,1
LF:5
LH:3
BRDA:3,0,0,3
BRDA:8,1,0,3
BRDA:8,1,1,0
BRDA:8,1,2,1
BRF:4
BRH:3
end_of_record
TN:
SF:/home/nhung/Documents/test_react_app/react-login-registration/src/sagas/auth.saga.js
FN:8,doLogin
FN:57,watchLogin
FN:67,doLoginSucceeded
FN:85,watchLoginSucceeded
FN:93,doLoginFailed
FN:97,watchLoginFailed
FN:104,doLogoutRequested
FN:115,watchLogoutRequested
FNF:8
FNH:1
FNDA:3,doLogin
FNDA:0,watchLogin
FNDA:0,doLoginSucceeded
FNDA:0,watchLoginSucceeded
FNDA:0,doLoginFailed
FNDA:0,watchLoginFailed
FNDA:0,doLogoutRequested
FNDA:0,watchLogoutRequested
DA:10,3
DA:12,3
DA:19,3
DA:21,3
DA:23,2
DA:24,1
DA:27,1
DA:36,2
DA:46,3
DA:58,0
DA:69,0
DA:71,0
DA:73,0
DA:86,0
DA:98,0
DA:105,0
DA:110,0
DA:116,0
LF:18
LH:9
BRDA:23,0,0,1
BRDA:23,0,1,1
BRF:2
BRH:2
end_of_record
